# JRE version: OpenJDK Runtime Environment (8.0_242-b01) (build 1.8.0_242-release-1644-b01)
# Java VM: OpenJDK 64-Bit Server VM (25.242-b01 mixed mode windows-amd64 compressed oops)
Heap:
 PSYoungGen      total 141824K, used 42787K [0x00000000f5580000, 0x00000000ff580000, 0x0000000100000000)
  eden space 119808K, 17% used [0x00000000f5580000,0x00000000f69c9268,0x00000000fca80000)
  from space 22016K, 99% used [0x00000000fe000000,0x00000000ff57fb50,0x00000000ff580000)
  to   space 17408K, 0% used [0x00000000fcd00000,0x00000000fcd00000,0x00000000fde00000)
 ParOldGen       total 183808K, used 56106K [0x00000000e0000000, 0x00000000eb380000, 0x00000000f5580000)
  object space 183808K, 30% used [0x00000000e0000000,0x00000000e36cabd8,0x00000000eb380000)
 Metaspace       used 89333K, capacity 94194K, committed 94232K, reserved 1132544K
  class space    used 11671K, capacity 12568K, committed 12592K, reserved 1048576K
GC Heap History (10 events):
Event: 881.688 GC heap before
{Heap before GC invocations=19 (full 3):
 PSYoungGen      total 151552K, used 144000K [0x00000000f5580000, 0x0000000100000000, 0x0000000100000000)
  eden space 130048K, 100% used [0x00000000f5580000,0x00000000fd480000,0x00000000fd480000)
  from space 21504K, 64% used [0x00000000fd480000,0x00000000fe220060,0x00000000fe980000)
  to   space 21504K, 0% used [0x00000000feb00000,0x00000000feb00000,0x0000000100000000)
 ParOldGen       total 183808K, used 46876K [0x00000000e0000000, 0x00000000eb380000, 0x00000000f5580000)
  object space 183808K, 25% used [0x00000000e0000000,0x00000000e2dc7140,0x00000000eb380000)
 Metaspace       used 77296K, capacity 81112K, committed 81304K, reserved 1120256K
  class space    used 10119K, capacity 10813K, committed 10928K, reserved 1048576K
Event: 881.697 GC heap after
Heap after GC invocations=19 (full 3):
 PSYoungGen      total 145920K, used 5184K [0x00000000f5580000, 0x00000000ffd00000, 0x0000000100000000)
  eden space 127488K, 0% used [0x00000000f5580000,0x00000000f5580000,0x00000000fd200000)
  from space 18432K, 28% used [0x00000000feb00000,0x00000000ff010010,0x00000000ffd00000)
  to   space 22016K, 0% used [0x00000000fd200000,0x00000000fd200000,0x00000000fe780000)
 ParOldGen       total 183808K, used 46884K [0x00000000e0000000, 0x00000000eb380000, 0x00000000f5580000)
  object space 183808K, 25% used [0x00000000e0000000,0x00000000e2dc9140,0x00000000eb380000)
 Metaspace       used 77296K, capacity 81112K, committed 81304K, reserved 1120256K
  class space    used 10119K, capacity 10813K, committed 10928K, reserved 1048576K
}
Event: 893.923 GC heap before
{Heap before GC invocations=20 (full 3):
 PSYoungGen      total 145920K, used 132672K [0x00000000f5580000, 0x00000000ffd00000, 0x0000000100000000)
  eden space 127488K, 100% used [0x00000000f5580000,0x00000000fd200000,0x00000000fd200000)
  from space 18432K, 28% used [0x00000000feb00000,0x00000000ff010010,0x00000000ffd00000)
  to   space 22016K, 0% used [0x00000000fd200000,0x00000000fd200000,0x00000000fe780000)
 ParOldGen       total 183808K, used 46884K [0x00000000e0000000, 0x00000000eb380000, 0x00000000f5580000)
  object space 183808K, 25% used [0x00000000e0000000,0x00000000e2dc9140,0x00000000eb380000)
 Metaspace       used 77608K, capacity 81454K, committed 81560K, reserved 1120256K
  class space    used 10133K, capacity 10838K, committed 10928K, reserved 1048576K
Event: 893.931 GC heap after
Heap after GC invocations=20 (full 3):
 PSYoungGen      total 133120K, used 7840K [0x00000000f5580000, 0x00000000ff980000, 0x0000000100000000)
  eden space 124928K, 0% used [0x00000000f5580000,0x00000000f5580000,0x00000000fcf80000)
  from space 8192K, 95% used [0x00000000fd200000,0x00000000fd9a8010,0x00000000fda00000)
  to   space 21504K, 0% used [0x00000000fe480000,0x00000000fe480000,0x00000000ff980000)
 ParOldGen       total 183808K, used 46892K [0x00000000e0000000, 0x00000000eb380000, 0x00000000f5580000)
  object space 183808K, 25% used [0x00000000e0000000,0x00000000e2dcb140,0x00000000eb380000)
 Metaspace       used 77608K, capacity 81454K, committed 81560K, reserved 1120256K
  class space    used 10133K, capacity 10838K, committed 10928K, reserved 1048576K
}
Event: 1235.335 GC heap before
{Heap before GC invocations=21 (full 3):
 PSYoungGen      total 133120K, used 132768K [0x00000000f5580000, 0x00000000ff980000, 0x0000000100000000)
  eden space 124928K, 100% used [0x00000000f5580000,0x00000000fcf80000,0x00000000fcf80000)
  from space 8192K, 95% used [0x00000000fd200000,0x00000000fd9a8010,0x00000000fda00000)
  to   space 21504K, 0% used [0x00000000fe480000,0x00000000fe480000,0x00000000ff980000)
 ParOldGen       total 183808K, used 46892K [0x00000000e0000000, 0x00000000eb380000, 0x00000000f5580000)
  object space 183808K, 25% used [0x00000000e0000000,0x00000000e2dcb140,0x00000000eb380000)
 Metaspace       used 77940K, capacity 81862K, committed 82072K, reserved 1120256K
  class space    used 10151K, capacity 10860K, committed 10928K, reserved 1048576K
Event: 1235.349 GC heap after
Heap after GC invocations=21 (full 3):
 PSYoungGen      total 139264K, used 11360K [0x00000000f5580000, 0x00000000ff500000, 0x0000000100000000)
  eden space 122368K, 0% used [0x00000000f5580000,0x00000000f5580000,0x00000000fcd00000)
  from space 16896K, 67% used [0x00000000fe480000,0x00000000fef98010,0x00000000ff500000)
  to   space 20480K, 0% used [0x00000000fcd00000,0x00000000fcd00000,0x00000000fe100000)
 ParOldGen       total 183808K, used 46900K [0x00000000e0000000, 0x00000000eb380000, 0x00000000f5580000)
  object space 183808K, 25% used [0x00000000e0000000,0x00000000e2dcd140,0x00000000eb380000)
 Metaspace       used 77940K, capacity 81862K, committed 82072K, reserved 1120256K
  class space    used 10151K, capacity 10860K, committed 10928K, reserved 1048576K
}
Event: 1251.085 GC heap before
{Heap before GC invocations=22 (full 3):
 PSYoungGen      total 139264K, used 133728K [0x00000000f5580000, 0x00000000ff500000, 0x0000000100000000)
  eden space 122368K, 100% used [0x00000000f5580000,0x00000000fcd00000,0x00000000fcd00000)
  from space 16896K, 67% used [0x00000000fe480000,0x00000000fef98010,0x00000000ff500000)
  to   space 20480K, 0% used [0x00000000fcd00000,0x00000000fcd00000,0x00000000fe100000)
 ParOldGen       total 183808K, used 46900K [0x00000000e0000000, 0x00000000eb380000, 0x00000000f5580000)
  object space 183808K, 25% used [0x00000000e0000000,0x00000000e2dcd140,0x00000000eb380000)
 Metaspace       used 80108K, capacity 84200K, committed 84376K, reserved 1122304K
  class space    used 10431K, capacity 11181K, committed 11184K, reserved 1048576K
Event: 1251.100 GC heap after
Heap after GC invocations=22 (full 3):
 PSYoungGen      total 137216K, used 17148K [0x00000000f5580000, 0x00000000ff580000, 0x0000000100000000)
  eden space 119808K, 0% used [0x00000000f5580000,0x00000000f5580000,0x00000000fca80000)
  from space 17408K, 98% used [0x00000000fcd00000,0x00000000fddbf1d0,0x00000000fde00000)
  to   space 22016K, 0% used [0x00000000fe000000,0x00000000fe000000,0x00000000ff580000)
 ParOldGen       total 183808K, used 46908K [0x00000000e0000000, 0x00000000eb380000, 0x00000000f5580000)
  object space 183808K, 25% used [0x00000000e0000000,0x00000000e2dcf140,0x00000000eb380000)
 Metaspace       used 80108K, capacity 84200K, committed 84376K, reserved 1122304K
  class space    used 10431K, capacity 11181K, committed 11184K, reserved 1048576K
}
Event: 1252.902 GC heap before
{Heap before GC invocations=23 (full 3):
 PSYoungGen      total 137216K, used 136956K [0x00000000f5580000, 0x00000000ff580000, 0x0000000100000000)
  eden space 119808K, 100% used [0x00000000f5580000,0x00000000fca80000,0x00000000fca80000)
  from space 17408K, 98% used [0x00000000fcd00000,0x00000000fddbf1d0,0x00000000fde00000)
  to   space 22016K, 0% used [0x00000000fe000000,0x00000000fe000000,0x00000000ff580000)
 ParOldGen       total 183808K, used 46908K [0x00000000e0000000, 0x00000000eb380000, 0x00000000f5580000)
  object space 183808K, 25% used [0x00000000e0000000,0x00000000e2dcf140,0x00000000eb380000)
 Metaspace       used 88209K, capacity 92980K, committed 93080K, reserved 1130496K
  class space    used 11513K, capacity 12395K, committed 12464K, reserved 1048576K
Event: 1252.941 GC heap after
Heap after GC invocations=23 (full 3):
 PSYoungGen      total 141824K, used 22014K [0x00000000f5580000, 0x00000000ff580000, 0x0000000100000000)
  eden space 119808K, 0% used [0x00000000f5580000,0x00000000f5580000,0x00000000fca80000)
  from space 22016K, 99% used [0x00000000fe000000,0x00000000ff57fb50,0x00000000ff580000)
  to   space 17408K, 0% used [0x00000000fcd00000,0x00000000fcd00000,0x00000000fde00000)
 ParOldGen       total 183808K, used 56106K [0x00000000e0000000, 0x00000000eb380000, 0x00000000f5580000)
  object space 183808K, 30% used [0x00000000e0000000,0x00000000e36cabd8,0x00000000eb380000)
 Metaspace       used 88209K, capacity 92980K, committed 93080K, reserved 1130496K
  class space    used 11513K, capacity 12395K, committed 12464K, reserved 1048576K
}

