# JRE version: OpenJDK Runtime Environment (8.0_242-b01) (build 1.8.0_242-release-1644-b01)
# Java VM: OpenJDK 64-Bit Server VM (25.242-b01 mixed mode windows-amd64 compressed oops)
Heap:
 PSYoungGen      total 144384K, used 117285K [0x00000000f5580000, 0x0000000100000000, 0x0000000100000000)
  eden space 124416K, 78% used [0x00000000f5580000,0x00000000fb4f7420,0x00000000fcf00000)
  from space 19968K, 97% used [0x00000000fcf00000,0x00000000fe2122c0,0x00000000fe280000)
  to   space 26624K, 0% used [0x00000000fe600000,0x00000000fe600000,0x0000000100000000)
 ParOldGen       total 175104K, used 47891K [0x00000000e0000000, 0x00000000eab00000, 0x00000000f5580000)
  object space 175104K, 27% used [0x00000000e0000000,0x00000000e2ec4d28,0x00000000eab00000)
 Metaspace       used 84156K, capacity 88928K, committed 88984K, reserved 1126400K
  class space    used 11270K, capacity 12187K, committed 12200K, reserved 1048576K
GC Heap History (10 events):
Event: 249.117 GC heap before
{Heap before GC invocations=14 (full 3):
 PSYoungGen      total 123904K, used 2169K [0x00000000f5580000, 0x0000000100000000, 0x0000000100000000)
  eden space 103936K, 0% used [0x00000000f5580000,0x00000000f5580000,0x00000000fbb00000)
  from space 19968K, 10% used [0x00000000fbb00000,0x00000000fbd1e560,0x00000000fce80000)
  to   space 20480K, 0% used [0x00000000fec00000,0x00000000fec00000,0x0000000100000000)
 ParOldGen       total 175104K, used 42373K [0x00000000e0000000, 0x00000000eab00000, 0x00000000f5580000)
  object space 175104K, 24% used [0x00000000e0000000,0x00000000e2961760,0x00000000eab00000)
 Metaspace       used 56838K, capacity 59078K, committed 59160K, reserved 1099776K
  class space    used 7685K, capacity 8213K, committed 8232K, reserved 1048576K
Event: 249.418 GC heap after
Heap after GC invocations=14 (full 3):
 PSYoungGen      total 123904K, used 0K [0x00000000f5580000, 0x0000000100000000, 0x0000000100000000)
  eden space 103936K, 0% used [0x00000000f5580000,0x00000000f5580000,0x00000000fbb00000)
  from space 19968K, 0% used [0x00000000fbb00000,0x00000000fbb00000,0x00000000fce80000)
  to   space 20480K, 0% used [0x00000000fec00000,0x00000000fec00000,0x0000000100000000)
 ParOldGen       total 175104K, used 32310K [0x00000000e0000000, 0x00000000eab00000, 0x00000000f5580000)
  object space 175104K, 18% used [0x00000000e0000000,0x00000000e1f8db30,0x00000000eab00000)
 Metaspace       used 56807K, capacity 58976K, committed 59160K, reserved 1099776K
  class space    used 7676K, capacity 8196K, committed 8232K, reserved 1048576K
}
Event: 250.768 GC heap before
{Heap before GC invocations=15 (full 3):
 PSYoungGen      total 123904K, used 103936K [0x00000000f5580000, 0x0000000100000000, 0x0000000100000000)
  eden space 103936K, 100% used [0x00000000f5580000,0x00000000fbb00000,0x00000000fbb00000)
  from space 19968K, 0% used [0x00000000fbb00000,0x00000000fbb00000,0x00000000fce80000)
  to   space 20480K, 0% used [0x00000000fec00000,0x00000000fec00000,0x0000000100000000)
 ParOldGen       total 175104K, used 32310K [0x00000000e0000000, 0x00000000eab00000, 0x00000000f5580000)
  object space 175104K, 18% used [0x00000000e0000000,0x00000000e1f8db30,0x00000000eab00000)
 Metaspace       used 62181K, capacity 64712K, committed 64792K, reserved 1105920K
  class space    used 8437K, capacity 8984K, committed 9000K, reserved 1048576K
Event: 250.778 GC heap after
Heap after GC invocations=15 (full 3):
 PSYoungGen      total 147968K, used 8730K [0x00000000f5580000, 0x00000000ffc00000, 0x0000000100000000)
  eden space 131584K, 0% used [0x00000000f5580000,0x00000000f5580000,0x00000000fd600000)
  from space 16384K, 53% used [0x00000000fec00000,0x00000000ff486a60,0x00000000ffc00000)
  to   space 19456K, 0% used [0x00000000fd600000,0x00000000fd600000,0x00000000fe900000)
 ParOldGen       total 175104K, used 32318K [0x00000000e0000000, 0x00000000eab00000, 0x00000000f5580000)
  object space 175104K, 18% used [0x00000000e0000000,0x00000000e1f8fb30,0x00000000eab00000)
 Metaspace       used 62181K, capacity 64712K, committed 64792K, reserved 1105920K
  class space    used 8437K, capacity 8984K, committed 9000K, reserved 1048576K
}
Event: 252.386 GC heap before
{Heap before GC invocations=16 (full 3):
 PSYoungGen      total 147968K, used 140314K [0x00000000f5580000, 0x00000000ffc00000, 0x0000000100000000)
  eden space 131584K, 100% used [0x00000000f5580000,0x00000000fd600000,0x00000000fd600000)
  from space 16384K, 53% used [0x00000000fec00000,0x00000000ff486a60,0x00000000ffc00000)
  to   space 19456K, 0% used [0x00000000fd600000,0x00000000fd600000,0x00000000fe900000)
 ParOldGen       total 175104K, used 32318K [0x00000000e0000000, 0x00000000eab00000, 0x00000000f5580000)
  object space 175104K, 18% used [0x00000000e0000000,0x00000000e1f8fb30,0x00000000eab00000)
 Metaspace       used 68235K, capacity 71974K, committed 72088K, reserved 1112064K
  class space    used 9403K, capacity 10086K, committed 10152K, reserved 1048576K
Event: 252.397 GC heap after
Heap after GC invocations=16 (full 3):
 PSYoungGen      total 151040K, used 15956K [0x00000000f5580000, 0x0000000100000000, 0x0000000100000000)
  eden space 131584K, 0% used [0x00000000f5580000,0x00000000f5580000,0x00000000fd600000)
  from space 19456K, 82% used [0x00000000fd600000,0x00000000fe595138,0x00000000fe900000)
  to   space 20992K, 0% used [0x00000000feb80000,0x00000000feb80000,0x0000000100000000)
 ParOldGen       total 175104K, used 32326K [0x00000000e0000000, 0x00000000eab00000, 0x00000000f5580000)
  object space 175104K, 18% used [0x00000000e0000000,0x00000000e1f91b30,0x00000000eab00000)
 Metaspace       used 68235K, capacity 71974K, committed 72088K, reserved 1112064K
  class space    used 9403K, capacity 10086K, committed 10152K, reserved 1048576K
}
Event: 253.918 GC heap before
{Heap before GC invocations=17 (full 3):
 PSYoungGen      total 151040K, used 147540K [0x00000000f5580000, 0x0000000100000000, 0x0000000100000000)
  eden space 131584K, 100% used [0x00000000f5580000,0x00000000fd600000,0x00000000fd600000)
  from space 19456K, 82% used [0x00000000fd600000,0x00000000fe595138,0x00000000fe900000)
  to   space 20992K, 0% used [0x00000000feb80000,0x00000000feb80000,0x0000000100000000)
 ParOldGen       total 175104K, used 32326K [0x00000000e0000000, 0x00000000eab00000, 0x00000000f5580000)
  object space 175104K, 18% used [0x00000000e0000000,0x00000000e1f91b30,0x00000000eab00000)
 Metaspace       used 75006K, capacity 79154K, committed 79512K, reserved 1118208K
  class space    used 10298K, capacity 11061K, committed 11176K, reserved 1048576K
Event: 253.939 GC heap after
Heap after GC invocations=17 (full 3):
 PSYoungGen      total 145408K, used 20985K [0x00000000f5580000, 0x0000000100000000, 0x0000000100000000)
  eden space 124416K, 0% used [0x00000000f5580000,0x00000000f5580000,0x00000000fcf00000)
  from space 20992K, 99% used [0x00000000feb80000,0x00000000ffffe518,0x0000000100000000)
  to   space 25088K, 0% used [0x00000000fcf00000,0x00000000fcf00000,0x00000000fe780000)
 ParOldGen       total 175104K, used 35826K [0x00000000e0000000, 0x00000000eab00000, 0x00000000f5580000)
  object space 175104K, 20% used [0x00000000e0000000,0x00000000e22fcb10,0x00000000eab00000)
 Metaspace       used 75006K, capacity 79154K, committed 79512K, reserved 1118208K
  class space    used 10298K, capacity 11061K, committed 11176K, reserved 1048576K
}
Event: 279.110 GC heap before
{Heap before GC invocations=18 (full 3):
 PSYoungGen      total 145408K, used 145401K [0x00000000f5580000, 0x0000000100000000, 0x0000000100000000)
  eden space 124416K, 100% used [0x00000000f5580000,0x00000000fcf00000,0x00000000fcf00000)
  from space 20992K, 99% used [0x00000000feb80000,0x00000000ffffe518,0x0000000100000000)
  to   space 25088K, 0% used [0x00000000fcf00000,0x00000000fcf00000,0x00000000fe780000)
 ParOldGen       total 175104K, used 35826K [0x00000000e0000000, 0x00000000eab00000, 0x00000000f5580000)
  object space 175104K, 20% used [0x00000000e0000000,0x00000000e22fcb10,0x00000000eab00000)
 Metaspace       used 82165K, capacity 86754K, committed 86936K, reserved 1124352K
  class space    used 11002K, capacity 11838K, committed 11944K, reserved 1048576K
Event: 279.132 GC heap after
Heap after GC invocations=18 (full 3):
 PSYoungGen      total 144384K, used 19528K [0x00000000f5580000, 0x0000000100000000, 0x0000000100000000)
  eden space 124416K, 0% used [0x00000000f5580000,0x00000000f5580000,0x00000000fcf00000)
  from space 19968K, 97% used [0x00000000fcf00000,0x00000000fe2122c0,0x00000000fe280000)
  to   space 26624K, 0% used [0x00000000fe600000,0x00000000fe600000,0x0000000100000000)
 ParOldGen       total 175104K, used 47891K [0x00000000e0000000, 0x00000000eab00000, 0x00000000f5580000)
  object space 175104K, 27% used [0x00000000e0000000,0x00000000e2ec4d28,0x00000000eab00000)
 Metaspace       used 82165K, capacity 86754K, committed 86936K, reserved 1124352K
  class space    used 11002K, capacity 11838K, committed 11944K, reserved 1048576K
}

