# JRE version: OpenJDK Runtime Environment (8.0_242-b01) (build 1.8.0_242-release-1644-b01)
# Java VM: OpenJDK 64-Bit Server VM (25.242-b01 mixed mode windows-amd64 compressed oops)
Heap:
 PSYoungGen      total 158208K, used 40501K [0x00000000f5580000, 0x00000000fff80000, 0x0000000100000000)
  eden space 143360K, 25% used [0x00000000f5580000,0x00000000f798d610,0x00000000fe180000)
  from space 14848K, 24% used [0x00000000ff100000,0x00000000ff480020,0x00000000fff80000)
  to   space 15360K, 0% used [0x00000000fe180000,0x00000000fe180000,0x00000000ff080000)
 ParOldGen       total 349696K, used 311812K [0x00000000e0000000, 0x00000000f5580000, 0x00000000f5580000)
  object space 349696K, 89% used [0x00000000e0000000,0x00000000f3081030,0x00000000f5580000)
 Metaspace       used 132890K, capacity 139080K, committed 141208K, reserved 1171456K
  class space    used 16885K, capacity 18081K, committed 18600K, reserved 1048576K
GC Heap History (10 events):
Event: 10051.575 GC heap before
{Heap before GC invocations=110 (full 6):
 PSYoungGen      total 159744K, used 150979K [0x00000000f5580000, 0x0000000100000000, 0x0000000100000000)
  eden space 147456K, 100% used [0x00000000f5580000,0x00000000fe580000,0x00000000fe580000)
  from space 12288K, 28% used [0x00000000fe580000,0x00000000fe8f0cb0,0x00000000ff180000)
  to   space 12288K, 0% used [0x00000000ff400000,0x00000000ff400000,0x0000000100000000)
 ParOldGen       total 349696K, used 285068K [0x00000000e0000000, 0x00000000f5580000, 0x00000000f5580000)
  object space 349696K, 81% used [0x00000000e0000000,0x00000000f16630c0,0x00000000f5580000)
 Metaspace       used 132861K, capacity 139076K, committed 141208K, reserved 1171456K
  class space    used 16885K, capacity 18081K, committed 18600K, reserved 1048576K
Event: 10051.585 GC heap after
Heap after GC invocations=110 (full 6):
 PSYoungGen      total 162304K, used 7784K [0x00000000f5580000, 0x0000000100000000, 0x0000000100000000)
  eden space 150016K, 0% used [0x00000000f5580000,0x00000000f5580000,0x00000000fe800000)
  from space 12288K, 63% used [0x00000000ff400000,0x00000000ffb9a3c8,0x0000000100000000)
  to   space 12288K, 0% used [0x00000000fe800000,0x00000000fe800000,0x00000000ff400000)
 ParOldGen       total 349696K, used 287949K [0x00000000e0000000, 0x00000000f5580000, 0x00000000f5580000)
  object space 349696K, 82% used [0x00000000e0000000,0x00000000f19337f8,0x00000000f5580000)
 Metaspace       used 132861K, capacity 139076K, committed 141208K, reserved 1171456K
  class space    used 16885K, capacity 18081K, committed 18600K, reserved 1048576K
}
Event: 10051.804 GC heap before
{Heap before GC invocations=111 (full 6):
 PSYoungGen      total 162304K, used 157800K [0x00000000f5580000, 0x0000000100000000, 0x0000000100000000)
  eden space 150016K, 100% used [0x00000000f5580000,0x00000000fe800000,0x00000000fe800000)
  from space 12288K, 63% used [0x00000000ff400000,0x00000000ffb9a3c8,0x0000000100000000)
  to   space 12288K, 0% used [0x00000000fe800000,0x00000000fe800000,0x00000000ff400000)
 ParOldGen       total 349696K, used 287949K [0x00000000e0000000, 0x00000000f5580000, 0x00000000f5580000)
  object space 349696K, 82% used [0x00000000e0000000,0x00000000f19337f8,0x00000000f5580000)
 Metaspace       used 132868K, capacity 139076K, committed 141208K, reserved 1171456K
  class space    used 16885K, capacity 18081K, committed 18600K, reserved 1048576K
Event: 10051.820 GC heap after
Heap after GC invocations=111 (full 6):
 PSYoungGen      total 162304K, used 12259K [0x00000000f5580000, 0x0000000100000000, 0x0000000100000000)
  eden space 150016K, 0% used [0x00000000f5580000,0x00000000f5580000,0x00000000fe800000)
  from space 12288K, 99% used [0x00000000fe800000,0x00000000ff3f8db8,0x00000000ff400000)
  to   space 12288K, 0% used [0x00000000ff400000,0x00000000ff400000,0x0000000100000000)
 ParOldGen       total 349696K, used 294602K [0x00000000e0000000, 0x00000000f5580000, 0x00000000f5580000)
  object space 349696K, 84% used [0x00000000e0000000,0x00000000f1fb2b78,0x00000000f5580000)
 Metaspace       used 132868K, capacity 139076K, committed 141208K, reserved 1171456K
  class space    used 16885K, capacity 18081K, committed 18600K, reserved 1048576K
}
Event: 10052.033 GC heap before
{Heap before GC invocations=112 (full 6):
 PSYoungGen      total 162304K, used 162275K [0x00000000f5580000, 0x0000000100000000, 0x0000000100000000)
  eden space 150016K, 100% used [0x00000000f5580000,0x00000000fe800000,0x00000000fe800000)
  from space 12288K, 99% used [0x00000000fe800000,0x00000000ff3f8db8,0x00000000ff400000)
  to   space 12288K, 0% used [0x00000000ff400000,0x00000000ff400000,0x0000000100000000)
 ParOldGen       total 349696K, used 294602K [0x00000000e0000000, 0x00000000f5580000, 0x00000000f5580000)
  object space 349696K, 84% used [0x00000000e0000000,0x00000000f1fb2b78,0x00000000f5580000)
 Metaspace       used 132871K, capacity 139076K, committed 141208K, reserved 1171456K
  class space    used 16885K, capacity 18081K, committed 18600K, reserved 1048576K
Event: 10052.044 GC heap after
Heap after GC invocations=112 (full 6):
 PSYoungGen      total 155136K, used 6275K [0x00000000f5580000, 0x0000000100000000, 0x0000000100000000)
  eden space 142848K, 0% used [0x00000000f5580000,0x00000000f5580000,0x00000000fe100000)
  from space 12288K, 51% used [0x00000000ff400000,0x00000000ffa20c10,0x0000000100000000)
  to   space 15872K, 0% used [0x00000000fe100000,0x00000000fe100000,0x00000000ff080000)
 ParOldGen       total 349696K, used 303003K [0x00000000e0000000, 0x00000000f5580000, 0x00000000f5580000)
  object space 349696K, 86% used [0x00000000e0000000,0x00000000f27e6da0,0x00000000f5580000)
 Metaspace       used 132871K, capacity 139076K, committed 141208K, reserved 1171456K
  class space    used 16885K, capacity 18081K, committed 18600K, reserved 1048576K
}
Event: 10052.276 GC heap before
{Heap before GC invocations=113 (full 6):
 PSYoungGen      total 155136K, used 149123K [0x00000000f5580000, 0x0000000100000000, 0x0000000100000000)
  eden space 142848K, 100% used [0x00000000f5580000,0x00000000fe100000,0x00000000fe100000)
  from space 12288K, 51% used [0x00000000ff400000,0x00000000ffa20c10,0x0000000100000000)
  to   space 15872K, 0% used [0x00000000fe100000,0x00000000fe100000,0x00000000ff080000)
 ParOldGen       total 349696K, used 303003K [0x00000000e0000000, 0x00000000f5580000, 0x00000000f5580000)
  object space 349696K, 86% used [0x00000000e0000000,0x00000000f27e6da0,0x00000000f5580000)
 Metaspace       used 132876K, capacity 139080K, committed 141208K, reserved 1171456K
  class space    used 16885K, capacity 18081K, committed 18600K, reserved 1048576K
Event: 10052.290 GC heap after
Heap after GC invocations=113 (full 6):
 PSYoungGen      total 158720K, used 3768K [0x00000000f5580000, 0x0000000100000000, 0x0000000100000000)
  eden space 142848K, 0% used [0x00000000f5580000,0x00000000f5580000,0x00000000fe100000)
  from space 15872K, 23% used [0x00000000fe100000,0x00000000fe4ae1a0,0x00000000ff080000)
  to   space 15360K, 0% used [0x00000000ff100000,0x00000000ff100000,0x0000000100000000)
 ParOldGen       total 349696K, used 308827K [0x00000000e0000000, 0x00000000f5580000, 0x00000000f5580000)
  object space 349696K, 88% used [0x00000000e0000000,0x00000000f2d96f00,0x00000000f5580000)
 Metaspace       used 132876K, capacity 139080K, committed 141208K, reserved 1171456K
  class space    used 16885K, capacity 18081K, committed 18600K, reserved 1048576K
}
Event: 10052.466 GC heap before
{Heap before GC invocations=114 (full 6):
 PSYoungGen      total 158720K, used 146616K [0x00000000f5580000, 0x0000000100000000, 0x0000000100000000)
  eden space 142848K, 100% used [0x00000000f5580000,0x00000000fe100000,0x00000000fe100000)
  from space 15872K, 23% used [0x00000000fe100000,0x00000000fe4ae1a0,0x00000000ff080000)
  to   space 15360K, 0% used [0x00000000ff100000,0x00000000ff100000,0x0000000100000000)
 ParOldGen       total 349696K, used 308827K [0x00000000e0000000, 0x00000000f5580000, 0x00000000f5580000)
  object space 349696K, 88% used [0x00000000e0000000,0x00000000f2d96f00,0x00000000f5580000)
 Metaspace       used 132888K, capacity 139080K, committed 141208K, reserved 1171456K
  class space    used 16885K, capacity 18081K, committed 18600K, reserved 1048576K
Event: 10052.478 GC heap after
Heap after GC invocations=114 (full 6):
 PSYoungGen      total 158208K, used 3584K [0x00000000f5580000, 0x00000000fff80000, 0x0000000100000000)
  eden space 143360K, 0% used [0x00000000f5580000,0x00000000f5580000,0x00000000fe180000)
  from space 14848K, 24% used [0x00000000ff100000,0x00000000ff480020,0x00000000fff80000)
  to   space 15360K, 0% used [0x00000000fe180000,0x00000000fe180000,0x00000000ff080000)
 ParOldGen       total 349696K, used 311812K [0x00000000e0000000, 0x00000000f5580000, 0x00000000f5580000)
  object space 349696K, 89% used [0x00000000e0000000,0x00000000f3081030,0x00000000f5580000)
 Metaspace       used 132888K, capacity 139080K, committed 141208K, reserved 1171456K
  class space    used 16885K, capacity 18081K, committed 18600K, reserved 1048576K
}

