# JRE version: OpenJDK Runtime Environment (8.0_242-b01) (build 1.8.0_242-release-1644-b01)
# Java VM: OpenJDK 64-Bit Server VM (25.242-b01 mixed mode windows-amd64 compressed oops)
Heap:
 PSYoungGen      total 646144K, used 272998K [0x00000000d5580000, 0x0000000100000000, 0x0000000100000000)
  eden space 594944K, 41% used [0x00000000d5580000,0x00000000e4694758,0x00000000f9a80000)
  from space 51200K, 51% used [0x00000000f9a80000,0x00000000fb405100,0x00000000fcc80000)
  to   space 50688K, 0% used [0x00000000fce80000,0x00000000fce80000,0x0000000100000000)
 ParOldGen       total 269312K, used 111305K [0x0000000080000000, 0x0000000090700000, 0x00000000d5580000)
  object space 269312K, 41% used [0x0000000080000000,0x0000000086cb27e8,0x0000000090700000)
 Metaspace       used 111480K, capacity 118061K, committed 118184K, reserved 1150976K
  class space    used 14528K, capacity 15709K, committed 15792K, reserved 1048576K
GC Heap History (10 events):
Event: 2226.214 GC heap before
{Heap before GC invocations=17 (full 4):
 PSYoungGen      total 430592K, used 390144K [0x00000000d5580000, 0x00000000fa400000, 0x0000000100000000)
  eden space 390144K, 100% used [0x00000000d5580000,0x00000000ed280000,0x00000000ed280000)
  from space 40448K, 0% used [0x00000000efa00000,0x00000000efa00000,0x00000000f2180000)
  to   space 40448K, 0% used [0x00000000ed280000,0x00000000ed280000,0x00000000efa00000)
 ParOldGen       total 269312K, used 54891K [0x0000000080000000, 0x0000000090700000, 0x00000000d5580000)
  object space 269312K, 20% used [0x0000000080000000,0x000000008359ac48,0x0000000090700000)
 Metaspace       used 105417K, capacity 110473K, committed 111016K, reserved 1144832K
  class space    used 13951K, capacity 14877K, committed 15024K, reserved 1048576K
Event: 2226.340 GC heap after
Heap after GC invocations=17 (full 4):
 PSYoungGen      total 430592K, used 40435K [0x00000000d5580000, 0x00000000fc980000, 0x0000000100000000)
  eden space 390144K, 0% used [0x00000000d5580000,0x00000000d5580000,0x00000000ed280000)
  from space 40448K, 99% used [0x00000000ed280000,0x00000000ef9fcf88,0x00000000efa00000)
  to   space 55296K, 0% used [0x00000000f9380000,0x00000000f9380000,0x00000000fc980000)
 ParOldGen       total 269312K, used 77515K [0x0000000080000000, 0x0000000090700000, 0x00000000d5580000)
  object space 269312K, 28% used [0x0000000080000000,0x0000000084bb2f70,0x0000000090700000)
 Metaspace       used 105417K, capacity 110473K, committed 111016K, reserved 1144832K
  class space    used 13951K, capacity 14877K, committed 15024K, reserved 1048576K
}
Event: 2637.402 GC heap before
{Heap before GC invocations=18 (full 4):
 PSYoungGen      total 430592K, used 430579K [0x00000000d5580000, 0x00000000fc980000, 0x0000000100000000)
  eden space 390144K, 100% used [0x00000000d5580000,0x00000000ed280000,0x00000000ed280000)
  from space 40448K, 99% used [0x00000000ed280000,0x00000000ef9fcf88,0x00000000efa00000)
  to   space 55296K, 0% used [0x00000000f9380000,0x00000000f9380000,0x00000000fc980000)
 ParOldGen       total 269312K, used 77515K [0x0000000080000000, 0x0000000090700000, 0x00000000d5580000)
  object space 269312K, 28% used [0x0000000080000000,0x0000000084bb2f70,0x0000000090700000)
 Metaspace       used 108440K, capacity 114245K, committed 114600K, reserved 1148928K
  class space    used 14334K, capacity 15427K, committed 15536K, reserved 1048576K
Event: 2637.457 GC heap after
Heap after GC invocations=18 (full 4):
 PSYoungGen      total 548864K, used 17359K [0x00000000d5580000, 0x00000000fb380000, 0x0000000100000000)
  eden space 516096K, 0% used [0x00000000d5580000,0x00000000d5580000,0x00000000f4d80000)
  from space 32768K, 52% used [0x00000000f9380000,0x00000000fa473ca8,0x00000000fb380000)
  to   space 52224K, 0% used [0x00000000f4d80000,0x00000000f4d80000,0x00000000f8080000)
 ParOldGen       total 269312K, used 108105K [0x0000000080000000, 0x0000000090700000, 0x00000000d5580000)
  object space 269312K, 40% used [0x0000000080000000,0x0000000086992728,0x0000000090700000)
 Metaspace       used 108440K, capacity 114245K, committed 114600K, reserved 1148928K
  class space    used 14334K, capacity 15427K, committed 15536K, reserved 1048576K
}
Event: 2747.947 GC heap before
{Heap before GC invocations=19 (full 4):
 PSYoungGen      total 548864K, used 533455K [0x00000000d5580000, 0x00000000fb380000, 0x0000000100000000)
  eden space 516096K, 100% used [0x00000000d5580000,0x00000000f4d80000,0x00000000f4d80000)
  from space 32768K, 52% used [0x00000000f9380000,0x00000000fa473ca8,0x00000000fb380000)
  to   space 52224K, 0% used [0x00000000f4d80000,0x00000000f4d80000,0x00000000f8080000)
 ParOldGen       total 269312K, used 108105K [0x0000000080000000, 0x0000000090700000, 0x00000000d5580000)
  object space 269312K, 40% used [0x0000000080000000,0x0000000086992728,0x0000000090700000)
 Metaspace       used 109562K, capacity 115937K, committed 116264K, reserved 1150976K
  class space    used 14420K, capacity 15585K, committed 15664K, reserved 1048576K
Event: 2747.961 GC heap after
Heap after GC invocations=19 (full 4):
 PSYoungGen      total 568320K, used 5712K [0x00000000d5580000, 0x0000000100000000, 0x0000000100000000)
  eden space 516096K, 0% used [0x00000000d5580000,0x00000000d5580000,0x00000000f4d80000)
  from space 52224K, 10% used [0x00000000f4d80000,0x00000000f5314070,0x00000000f8080000)
  to   space 51712K, 0% used [0x00000000fcd80000,0x00000000fcd80000,0x0000000100000000)
 ParOldGen       total 269312K, used 111289K [0x0000000080000000, 0x0000000090700000, 0x00000000d5580000)
  object space 269312K, 41% used [0x0000000080000000,0x0000000086cae7e8,0x0000000090700000)
 Metaspace       used 109562K, capacity 115937K, committed 116264K, reserved 1150976K
  class space    used 14420K, capacity 15585K, committed 15664K, reserved 1048576K
}
Event: 2753.198 GC heap before
{Heap before GC invocations=20 (full 4):
 PSYoungGen      total 568320K, used 521808K [0x00000000d5580000, 0x0000000100000000, 0x0000000100000000)
  eden space 516096K, 100% used [0x00000000d5580000,0x00000000f4d80000,0x00000000f4d80000)
  from space 52224K, 10% used [0x00000000f4d80000,0x00000000f5314070,0x00000000f8080000)
  to   space 51712K, 0% used [0x00000000fcd80000,0x00000000fcd80000,0x0000000100000000)
 ParOldGen       total 269312K, used 111289K [0x0000000080000000, 0x0000000090700000, 0x00000000d5580000)
  object space 269312K, 41% used [0x0000000080000000,0x0000000086cae7e8,0x0000000090700000)
 Metaspace       used 111202K, capacity 117743K, committed 117928K, reserved 1150976K
  class space    used 14521K, capacity 15702K, committed 15792K, reserved 1048576K
Event: 2753.224 GC heap after
Heap after GC invocations=20 (full 4):
 PSYoungGen      total 645120K, used 26763K [0x00000000d5580000, 0x00000000ffe80000, 0x0000000100000000)
  eden space 594944K, 0% used [0x00000000d5580000,0x00000000d5580000,0x00000000f9a80000)
  from space 50176K, 53% used [0x00000000fcd80000,0x00000000fe7a2c50,0x00000000ffe80000)
  to   space 51200K, 0% used [0x00000000f9a80000,0x00000000f9a80000,0x00000000fcc80000)
 ParOldGen       total 269312K, used 111297K [0x0000000080000000, 0x0000000090700000, 0x00000000d5580000)
  object space 269312K, 41% used [0x0000000080000000,0x0000000086cb07e8,0x0000000090700000)
 Metaspace       used 111202K, capacity 117743K, committed 117928K, reserved 1150976K
  class space    used 14521K, capacity 15702K, committed 15792K, reserved 1048576K
}
Event: 2757.010 GC heap before
{Heap before GC invocations=21 (full 4):
 PSYoungGen      total 645120K, used 621707K [0x00000000d5580000, 0x00000000ffe80000, 0x0000000100000000)
  eden space 594944K, 100% used [0x00000000d5580000,0x00000000f9a80000,0x00000000f9a80000)
  from space 50176K, 53% used [0x00000000fcd80000,0x00000000fe7a2c50,0x00000000ffe80000)
  to   space 51200K, 0% used [0x00000000f9a80000,0x00000000f9a80000,0x00000000fcc80000)
 ParOldGen       total 269312K, used 111297K [0x0000000080000000, 0x0000000090700000, 0x00000000d5580000)
  object space 269312K, 41% used [0x0000000080000000,0x0000000086cb07e8,0x0000000090700000)
 Metaspace       used 111446K, capacity 118061K, committed 118184K, reserved 1150976K
  class space    used 14527K, capacity 15709K, committed 15792K, reserved 1048576K
Event: 2757.443 GC heap after
Heap after GC invocations=21 (full 4):
 PSYoungGen      total 646144K, used 26132K [0x00000000d5580000, 0x0000000100000000, 0x0000000100000000)
  eden space 594944K, 0% used [0x00000000d5580000,0x00000000d5580000,0x00000000f9a80000)
  from space 51200K, 51% used [0x00000000f9a80000,0x00000000fb405100,0x00000000fcc80000)
  to   space 50688K, 0% used [0x00000000fce80000,0x00000000fce80000,0x0000000100000000)
 ParOldGen       total 269312K, used 111305K [0x0000000080000000, 0x0000000090700000, 0x00000000d5580000)
  object space 269312K, 41% used [0x0000000080000000,0x0000000086cb27e8,0x0000000090700000)
 Metaspace       used 111446K, capacity 118061K, committed 118184K, reserved 1150976K
  class space    used 14527K, capacity 15709K, committed 15792K, reserved 1048576K
}

