# JRE version: OpenJDK Runtime Environment (8.0_242-b01) (build 1.8.0_242-release-1644-b01)
# Java VM: OpenJDK 64-Bit Server VM (25.242-b01 mixed mode windows-amd64 compressed oops)
Heap:
 PSYoungGen      total 132096K, used 65423K [0x00000000f5580000, 0x0000000100000000, 0x0000000100000000)
  eden space 103936K, 62% used [0x00000000f5580000,0x00000000f9563dc0,0x00000000fbb00000)
  from space 28160K, 0% used [0x00000000fe480000,0x00000000fe480000,0x0000000100000000)
  to   space 35328K, 0% used [0x00000000fbb00000,0x00000000fbb00000,0x00000000fdd80000)
 ParOldGen       total 237568K, used 57843K [0x00000000e0000000, 0x00000000ee800000, 0x00000000f5580000)
  object space 237568K, 24% used [0x00000000e0000000,0x00000000e387cf68,0x00000000ee800000)
 Metaspace       used 94937K, capacity 98114K, committed 101400K, reserved 1136640K
  class space    used 12225K, capacity 12897K, committed 13616K, reserved 1048576K
GC Heap History (10 events):
Event: 23.150 GC heap before
{Heap before GC invocations=18 (full 3):
 PSYoungGen      total 147968K, used 135690K [0x00000000f5580000, 0x0000000100000000, 0x0000000100000000)
  eden space 125440K, 100% used [0x00000000f5580000,0x00000000fd000000,0x00000000fd000000)
  from space 22528K, 45% used [0x00000000fea00000,0x00000000ff402b80,0x0000000100000000)
  to   space 24576K, 0% used [0x00000000fd000000,0x00000000fd000000,0x00000000fe800000)
 ParOldGen       total 201728K, used 50191K [0x00000000e0000000, 0x00000000ec500000, 0x00000000f5580000)
  object space 201728K, 24% used [0x00000000e0000000,0x00000000e3103f70,0x00000000ec500000)
 Metaspace       used 85287K, capacity 89428K, committed 89752K, reserved 1126400K
  class space    used 11381K, capacity 12157K, committed 12208K, reserved 1048576K
Event: 23.162 GC heap after
Heap after GC invocations=18 (full 3):
 PSYoungGen      total 144384K, used 18533K [0x00000000f5580000, 0x0000000100000000, 0x0000000100000000)
  eden space 125440K, 0% used [0x00000000f5580000,0x00000000f5580000,0x00000000fd000000)
  from space 18944K, 97% used [0x00000000fd000000,0x00000000fe2194b0,0x00000000fe280000)
  to   space 25600K, 0% used [0x00000000fe700000,0x00000000fe700000,0x0000000100000000)
 ParOldGen       total 201728K, used 50199K [0x00000000e0000000, 0x00000000ec500000, 0x00000000f5580000)
  object space 201728K, 24% used [0x00000000e0000000,0x00000000e3105f70,0x00000000ec500000)
 Metaspace       used 85287K, capacity 89428K, committed 89752K, reserved 1126400K
  class space    used 11381K, capacity 12157K, committed 12208K, reserved 1048576K
}
Event: 2733.094 GC heap before
{Heap before GC invocations=19 (full 3):
 PSYoungGen      total 144384K, used 143973K [0x00000000f5580000, 0x0000000100000000, 0x0000000100000000)
  eden space 125440K, 100% used [0x00000000f5580000,0x00000000fd000000,0x00000000fd000000)
  from space 18944K, 97% used [0x00000000fd000000,0x00000000fe2194b0,0x00000000fe280000)
  to   space 25600K, 0% used [0x00000000fe700000,0x00000000fe700000,0x0000000100000000)
 ParOldGen       total 201728K, used 50199K [0x00000000e0000000, 0x00000000ec500000, 0x00000000f5580000)
  object space 201728K, 24% used [0x00000000e0000000,0x00000000e3105f70,0x00000000ec500000)
 Metaspace       used 91111K, capacity 95736K, committed 96024K, reserved 1132544K
  class space    used 11877K, capacity 12792K, committed 12848K, reserved 1048576K
Event: 2733.193 GC heap after
Heap after GC invocations=19 (full 3):
 PSYoungGen      total 143872K, used 23927K [0x00000000f5580000, 0x0000000100000000, 0x0000000100000000)
  eden space 118272K, 0% used [0x00000000f5580000,0x00000000f5580000,0x00000000fc900000)
  from space 25600K, 93% used [0x00000000fe700000,0x00000000ffe5dc88,0x0000000100000000)
  to   space 28160K, 0% used [0x00000000fc900000,0x00000000fc900000,0x00000000fe480000)
 ParOldGen       total 201728K, used 50207K [0x00000000e0000000, 0x00000000ec500000, 0x00000000f5580000)
  object space 201728K, 24% used [0x00000000e0000000,0x00000000e3107f70,0x00000000ec500000)
 Metaspace       used 91111K, capacity 95736K, committed 96024K, reserved 1132544K
  class space    used 11877K, capacity 12792K, committed 12848K, reserved 1048576K
}
Event: 2735.430 GC heap before
{Heap before GC invocations=20 (full 3):
 PSYoungGen      total 143872K, used 142199K [0x00000000f5580000, 0x0000000100000000, 0x0000000100000000)
  eden space 118272K, 100% used [0x00000000f5580000,0x00000000fc900000,0x00000000fc900000)
  from space 25600K, 93% used [0x00000000fe700000,0x00000000ffe5dc88,0x0000000100000000)
  to   space 28160K, 0% used [0x00000000fc900000,0x00000000fc900000,0x00000000fe480000)
 ParOldGen       total 201728K, used 50207K [0x00000000e0000000, 0x00000000ec500000, 0x00000000f5580000)
  object space 201728K, 24% used [0x00000000e0000000,0x00000000e3107f70,0x00000000ec500000)
 Metaspace       used 93779K, capacity 98452K, committed 98584K, reserved 1134592K
  class space    used 12198K, capacity 13078K, committed 13104K, reserved 1048576K
Event: 2735.476 GC heap after
Heap after GC invocations=20 (full 3):
 PSYoungGen      total 146432K, used 28136K [0x00000000f5580000, 0x0000000100000000, 0x0000000100000000)
  eden space 118272K, 0% used [0x00000000f5580000,0x00000000f5580000,0x00000000fc900000)
  from space 28160K, 99% used [0x00000000fc900000,0x00000000fe47a068,0x00000000fe480000)
  to   space 28160K, 0% used [0x00000000fe480000,0x00000000fe480000,0x0000000100000000)
 ParOldGen       total 201728K, used 57733K [0x00000000e0000000, 0x00000000ec500000, 0x00000000f5580000)
  object space 201728K, 28% used [0x00000000e0000000,0x00000000e38617a8,0x00000000ec500000)
 Metaspace       used 93779K, capacity 98452K, committed 98584K, reserved 1134592K
  class space    used 12198K, capacity 13078K, committed 13104K, reserved 1048576K
}
Event: 2735.482 GC heap before
{Heap before GC invocations=21 (full 3):
 PSYoungGen      total 146432K, used 29073K [0x00000000f5580000, 0x0000000100000000, 0x0000000100000000)
  eden space 118272K, 0% used [0x00000000f5580000,0x00000000f566a718,0x00000000fc900000)
  from space 28160K, 99% used [0x00000000fc900000,0x00000000fe47a068,0x00000000fe480000)
  to   space 28160K, 0% used [0x00000000fe480000,0x00000000fe480000,0x0000000100000000)
 ParOldGen       total 201728K, used 57733K [0x00000000e0000000, 0x00000000ec500000, 0x00000000f5580000)
  object space 201728K, 28% used [0x00000000e0000000,0x00000000e38617a8,0x00000000ec500000)
 Metaspace       used 93851K, capacity 98516K, committed 98584K, reserved 1134592K
  class space    used 12201K, capacity 13078K, committed 13104K, reserved 1048576K
Event: 2735.515 GC heap after
Heap after GC invocations=21 (full 3):
 PSYoungGen      total 132096K, used 22967K [0x00000000f5580000, 0x0000000100000000, 0x0000000100000000)
  eden space 103936K, 0% used [0x00000000f5580000,0x00000000f5580000,0x00000000fbb00000)
  from space 28160K, 81% used [0x00000000fe480000,0x00000000ffaedf08,0x0000000100000000)
  to   space 35328K, 0% used [0x00000000fbb00000,0x00000000fbb00000,0x00000000fdd80000)
 ParOldGen       total 201728K, used 63067K [0x00000000e0000000, 0x00000000ec500000, 0x00000000f5580000)
  object space 201728K, 31% used [0x00000000e0000000,0x00000000e3d96c10,0x00000000ec500000)
 Metaspace       used 93851K, capacity 98516K, committed 98584K, reserved 1134592K
  class space    used 12201K, capacity 13078K, committed 13104K, reserved 1048576K
}
Event: 2735.516 GC heap before
{Heap before GC invocations=22 (full 4):
 PSYoungGen      total 132096K, used 22967K [0x00000000f5580000, 0x0000000100000000, 0x0000000100000000)
  eden space 103936K, 0% used [0x00000000f5580000,0x00000000f5580000,0x00000000fbb00000)
  from space 28160K, 81% used [0x00000000fe480000,0x00000000ffaedf08,0x0000000100000000)
  to   space 35328K, 0% used [0x00000000fbb00000,0x00000000fbb00000,0x00000000fdd80000)
 ParOldGen       total 201728K, used 63067K [0x00000000e0000000, 0x00000000ec500000, 0x00000000f5580000)
  object space 201728K, 31% used [0x00000000e0000000,0x00000000e3d96c10,0x00000000ec500000)
 Metaspace       used 93851K, capacity 98516K, committed 98584K, reserved 1134592K
  class space    used 12201K, capacity 13078K, committed 13104K, reserved 1048576K
Event: 2736.028 GC heap after
Heap after GC invocations=22 (full 4):
 PSYoungGen      total 132096K, used 0K [0x00000000f5580000, 0x0000000100000000, 0x0000000100000000)
  eden space 103936K, 0% used [0x00000000f5580000,0x00000000f5580000,0x00000000fbb00000)
  from space 28160K, 0% used [0x00000000fe480000,0x00000000fe480000,0x0000000100000000)
  to   space 35328K, 0% used [0x00000000fbb00000,0x00000000fbb00000,0x00000000fdd80000)
 ParOldGen       total 237568K, used 57843K [0x00000000e0000000, 0x00000000ee800000, 0x00000000f5580000)
  object space 237568K, 24% used [0x00000000e0000000,0x00000000e387cf68,0x00000000ee800000)
 Metaspace       used 92272K, capacity 95234K, committed 98584K, reserved 1134592K
  class space    used 11851K, capacity 12447K, committed 13104K, reserved 1048576K
}

