# JRE version: OpenJDK Runtime Environment (8.0_242-b01) (build 1.8.0_242-release-1644-b01)
# Java VM: OpenJDK 64-Bit Server VM (25.242-b01 mixed mode windows-amd64 compressed oops)
Heap:
 PSYoungGen      total 143360K, used 97839K [0x00000000f5580000, 0x0000000100000000, 0x0000000100000000)
  eden space 123392K, 63% used [0x00000000f5580000,0x00000000fa202bf8,0x00000000fce00000)
  from space 19968K, 97% used [0x00000000fce00000,0x00000000fe1092c0,0x00000000fe180000)
  to   space 26624K, 0% used [0x00000000fe600000,0x00000000fe600000,0x0000000100000000)
 ParOldGen       total 182784K, used 56957K [0x00000000e0000000, 0x00000000eb280000, 0x00000000f5580000)
  object space 182784K, 31% used [0x00000000e0000000,0x00000000e379f778,0x00000000eb280000)
 Metaspace       used 81922K, capacity 85890K, committed 86040K, reserved 1124352K
  class space    used 10744K, capacity 11490K, committed 11568K, reserved 1048576K
GC Heap History (10 events):
Event: 14.620 GC heap before
{Heap before GC invocations=14 (full 3):
 PSYoungGen      total 148992K, used 133632K [0x00000000f5580000, 0x0000000100000000, 0x0000000100000000)
  eden space 133632K, 100% used [0x00000000f5580000,0x00000000fd800000,0x00000000fd800000)
  from space 15360K, 0% used [0x00000000ff100000,0x00000000ff100000,0x0000000100000000)
  to   space 20480K, 0% used [0x00000000fd800000,0x00000000fd800000,0x00000000fec00000)
 ParOldGen       total 182784K, used 30466K [0x00000000e0000000, 0x00000000eb280000, 0x00000000f5580000)
  object space 182784K, 16% used [0x00000000e0000000,0x00000000e1dc0ae0,0x00000000eb280000)
 Metaspace       used 63133K, capacity 66418K, committed 66456K, reserved 1105920K
  class space    used 8712K, capacity 9354K, committed 9392K, reserved 1048576K
Event: 14.629 GC heap after
Heap after GC invocations=14 (full 3):
 PSYoungGen      total 154112K, used 13726K [0x00000000f5580000, 0x0000000100000000, 0x0000000100000000)
  eden space 133632K, 0% used [0x00000000f5580000,0x00000000f5580000,0x00000000fd800000)
  from space 20480K, 67% used [0x00000000fd800000,0x00000000fe567a00,0x00000000fec00000)
  to   space 20480K, 0% used [0x00000000fec00000,0x00000000fec00000,0x0000000100000000)
 ParOldGen       total 182784K, used 30474K [0x00000000e0000000, 0x00000000eb280000, 0x00000000f5580000)
  object space 182784K, 16% used [0x00000000e0000000,0x00000000e1dc2ae0,0x00000000eb280000)
 Metaspace       used 63133K, capacity 66418K, committed 66456K, reserved 1105920K
  class space    used 8712K, capacity 9354K, committed 9392K, reserved 1048576K
}
Event: 16.244 GC heap before
{Heap before GC invocations=15 (full 3):
 PSYoungGen      total 154112K, used 146679K [0x00000000f5580000, 0x0000000100000000, 0x0000000100000000)
  eden space 133632K, 99% used [0x00000000f5580000,0x00000000fd756200,0x00000000fd800000)
  from space 20480K, 67% used [0x00000000fd800000,0x00000000fe567a00,0x00000000fec00000)
  to   space 20480K, 0% used [0x00000000fec00000,0x00000000fec00000,0x0000000100000000)
 ParOldGen       total 182784K, used 30474K [0x00000000e0000000, 0x00000000eb280000, 0x00000000f5580000)
  object space 182784K, 16% used [0x00000000e0000000,0x00000000e1dc2ae0,0x00000000eb280000)
 Metaspace       used 65702K, capacity 69098K, committed 69272K, reserved 1110016K
  class space    used 9006K, capacity 9636K, committed 9648K, reserved 1048576K
Event: 16.259 GC heap after
Heap after GC invocations=15 (full 3):
 PSYoungGen      total 143872K, used 20471K [0x00000000f5580000, 0x0000000100000000, 0x0000000100000000)
  eden space 123392K, 0% used [0x00000000f5580000,0x00000000f5580000,0x00000000fce00000)
  from space 20480K, 99% used [0x00000000fec00000,0x00000000ffffddb0,0x0000000100000000)
  to   space 25600K, 0% used [0x00000000fce00000,0x00000000fce00000,0x00000000fe700000)
 ParOldGen       total 182784K, used 37773K [0x00000000e0000000, 0x00000000eb280000, 0x00000000f5580000)
  object space 182784K, 20% used [0x00000000e0000000,0x00000000e24e3680,0x00000000eb280000)
 Metaspace       used 65702K, capacity 69098K, committed 69272K, reserved 1110016K
  class space    used 9006K, capacity 9636K, committed 9648K, reserved 1048576K
}
Event: 18.309 GC heap before
{Heap before GC invocations=16 (full 3):
 PSYoungGen      total 143872K, used 143863K [0x00000000f5580000, 0x0000000100000000, 0x0000000100000000)
  eden space 123392K, 100% used [0x00000000f5580000,0x00000000fce00000,0x00000000fce00000)
  from space 20480K, 99% used [0x00000000fec00000,0x00000000ffffddb0,0x0000000100000000)
  to   space 25600K, 0% used [0x00000000fce00000,0x00000000fce00000,0x00000000fe700000)
 ParOldGen       total 182784K, used 37773K [0x00000000e0000000, 0x00000000eb280000, 0x00000000f5580000)
  object space 182784K, 20% used [0x00000000e0000000,0x00000000e24e3680,0x00000000eb280000)
 Metaspace       used 69171K, capacity 72728K, committed 72856K, reserved 1112064K
  class space    used 9391K, capacity 10099K, committed 10160K, reserved 1048576K
Event: 18.332 GC heap after
Heap after GC invocations=16 (full 3):
 PSYoungGen      total 148992K, used 6172K [0x00000000f5580000, 0x0000000100000000, 0x0000000100000000)
  eden space 123392K, 0% used [0x00000000f5580000,0x00000000f5580000,0x00000000fce00000)
  from space 25600K, 24% used [0x00000000fce00000,0x00000000fd407050,0x00000000fe700000)
  to   space 25600K, 0% used [0x00000000fe700000,0x00000000fe700000,0x0000000100000000)
 ParOldGen       total 182784K, used 56941K [0x00000000e0000000, 0x00000000eb280000, 0x00000000f5580000)
  object space 182784K, 31% used [0x00000000e0000000,0x00000000e379b778,0x00000000eb280000)
 Metaspace       used 69171K, capacity 72728K, committed 72856K, reserved 1112064K
  class space    used 9391K, capacity 10099K, committed 10160K, reserved 1048576K
}
Event: 22.486 GC heap before
{Heap before GC invocations=17 (full 3):
 PSYoungGen      total 148992K, used 129564K [0x00000000f5580000, 0x0000000100000000, 0x0000000100000000)
  eden space 123392K, 100% used [0x00000000f5580000,0x00000000fce00000,0x00000000fce00000)
  from space 25600K, 24% used [0x00000000fce00000,0x00000000fd407050,0x00000000fe700000)
  to   space 25600K, 0% used [0x00000000fe700000,0x00000000fe700000,0x0000000100000000)
 ParOldGen       total 182784K, used 56941K [0x00000000e0000000, 0x00000000eb280000, 0x00000000f5580000)
  object space 182784K, 31% used [0x00000000e0000000,0x00000000e379b778,0x00000000eb280000)
 Metaspace       used 74561K, capacity 78242K, committed 78360K, reserved 1116160K
  class space    used 10026K, capacity 10702K, committed 10800K, reserved 1048576K
Event: 22.496 GC heap after
Heap after GC invocations=17 (full 3):
 PSYoungGen      total 148992K, used 14874K [0x00000000f5580000, 0x0000000100000000, 0x0000000100000000)
  eden space 123392K, 0% used [0x00000000f5580000,0x00000000f5580000,0x00000000fce00000)
  from space 25600K, 58% used [0x00000000fe700000,0x00000000ff586a38,0x0000000100000000)
  to   space 25600K, 0% used [0x00000000fce00000,0x00000000fce00000,0x00000000fe700000)
 ParOldGen       total 182784K, used 56949K [0x00000000e0000000, 0x00000000eb280000, 0x00000000f5580000)
  object space 182784K, 31% used [0x00000000e0000000,0x00000000e379d778,0x00000000eb280000)
 Metaspace       used 74561K, capacity 78242K, committed 78360K, reserved 1116160K
  class space    used 10026K, capacity 10702K, committed 10800K, reserved 1048576K
}
Event: 153.097 GC heap before
{Heap before GC invocations=18 (full 3):
 PSYoungGen      total 148992K, used 138266K [0x00000000f5580000, 0x0000000100000000, 0x0000000100000000)
  eden space 123392K, 100% used [0x00000000f5580000,0x00000000fce00000,0x00000000fce00000)
  from space 25600K, 58% used [0x00000000fe700000,0x00000000ff586a38,0x0000000100000000)
  to   space 25600K, 0% used [0x00000000fce00000,0x00000000fce00000,0x00000000fe700000)
 ParOldGen       total 182784K, used 56949K [0x00000000e0000000, 0x00000000eb280000, 0x00000000f5580000)
  object space 182784K, 31% used [0x00000000e0000000,0x00000000e379d778,0x00000000eb280000)
 Metaspace       used 81518K, capacity 85426K, committed 85784K, reserved 1124352K
  class space    used 10742K, capacity 11486K, committed 11568K, reserved 1048576K
Event: 153.118 GC heap after
Heap after GC invocations=18 (full 3):
 PSYoungGen      total 143360K, used 19492K [0x00000000f5580000, 0x0000000100000000, 0x0000000100000000)
  eden space 123392K, 0% used [0x00000000f5580000,0x00000000f5580000,0x00000000fce00000)
  from space 19968K, 97% used [0x00000000fce00000,0x00000000fe1092c0,0x00000000fe180000)
  to   space 26624K, 0% used [0x00000000fe600000,0x00000000fe600000,0x0000000100000000)
 ParOldGen       total 182784K, used 56957K [0x00000000e0000000, 0x00000000eb280000, 0x00000000f5580000)
  object space 182784K, 31% used [0x00000000e0000000,0x00000000e379f778,0x00000000eb280000)
 Metaspace       used 81518K, capacity 85426K, committed 85784K, reserved 1124352K
  class space    used 10742K, capacity 11486K, committed 11568K, reserved 1048576K
}

